Build started 21/02/2017 12:42:31.
     1>Project "C:\Users\matthew.smith\Dropbox\Programming\Small_Apps\C++\Mobile Broadband API\Mobile Broadband API\Mobile Broadband API.vcxproj" on node 2 (build target(s)).
     1>InitializeBuildStatus:
         Creating "x64\Debug\Mobile Broadband API.unsuccessfulbuild" because "AlwaysCreate" was specified.
       ClCompile:
         c:\Program Files (x86)\Microsoft Visual Studio 10.0\VC\bin\x86_amd64\CL.exe /c /Zi /nologo /W3 /WX- /Od /D WIN32 /D _DEBUG /D _CONSOLE /D _UNICODE /D UNICODE /Gm /EHsc /RTC1 /MDd /GS /fp:precise /Zc:wchar_t /Zc:forScope /Fo"x64\Debug\\" /Fd"x64\Debug\vc100.pdb" /Gd /TP /errorReport:prompt main.cpp
         main.cpp
       ManifestResourceCompile:
         All outputs are up-to-date.
       Link:
         c:\Program Files (x86)\Microsoft Visual Studio 10.0\VC\bin\x86_amd64\link.exe /ERRORREPORT:PROMPT /OUT:"C:\Users\matthew.smith\Dropbox\Programming\Small_Apps\C++\Mobile Broadband API\x64\Debug\Mobile Broadband API.exe" /INCREMENTAL /NOLOGO kernel32.lib user32.lib gdi32.lib winspool.lib comdlg32.lib advapi32.lib shell32.lib ole32.lib oleaut32.lib uuid.lib odbc32.lib odbccp32.lib /MANIFEST /ManifestFile:"x64\Debug\Mobile Broadband API.exe.intermediate.manifest" /MANIFESTUAC:"level='asInvoker' uiAccess='false'" /DEBUG /PDB:"C:\Users\matthew.smith\Dropbox\Programming\Small_Apps\C++\Mobile Broadband API\x64\Debug\Mobile Broadband API.pdb" /SUBSYSTEM:CONSOLE /TLBID:1 /DYNAMICBASE /NXCOMPAT /IMPLIB:"C:\Users\matthew.smith\Dropbox\Programming\Small_Apps\C++\Mobile Broadband API\x64\Debug\Mobile Broadband API.lib" /MACHINE:X64 "x64\Debug\Mobile Broadband API.exe.embed.manifest.res"
         x64\Debug\main.obj
         Mobile Broadband API.vcxproj -> C:\Users\matthew.smith\Dropbox\Programming\Small_Apps\C++\Mobile Broadband API\x64\Debug\Mobile Broadband API.exe
       Manifest:
         C:\Program Files (x86)\Microsoft SDKs\Windows\v7.0A\bin\mt.exe /nologo /verbose /out:"x64\Debug\Mobile Broadband API.exe.embed.manifest" /manifest "x64\Debug\Mobile Broadband API.exe.intermediate.manifest"
         All outputs are up-to-date.
       LinkEmbedManifest:
         All outputs are up-to-date.
         Mobile Broadband API.vcxproj -> C:\Users\matthew.smith\Dropbox\Programming\Small_Apps\C++\Mobile Broadband API\x64\Debug\Mobile Broadband API.exe
       FinalizeBuildStatus:
         Deleting file "x64\Debug\Mobile Broadband API.unsuccessfulbuild".
         Touching "x64\Debug\Mobile Broadband API.lastbuildstate".
     1>Done Building Project "C:\Users\matthew.smith\Dropbox\Programming\Small_Apps\C++\Mobile Broadband API\Mobile Broadband API\Mobile Broadband API.vcxproj" (build target(s)).

Build succeeded.

Time Elapsed 00:00:01.44
